[12:39:38] [main/INFO]: Loading Minecraft 1.21.1 with Fabric Loader 0.16.3
[12:39:38] [main/INFO]: Loading 4 mods:
	- fabricloader 0.16.3
	   \-- mixinextras 0.4.1
	- java 21
	- minecraft 1.21.1
[12:39:38] [main/INFO]: SpongePowered MIXIN Subsystem Version=0.8.7 Source=file:/workspaces/POKEMON/servidor_minecraft/libraries/net/fabricmc/sponge-mixin/0.15.2+mixin.0.8.7/sponge-mixin-0.15.2+mixin.0.8.7.jar Service=Knot/Fabric Env=SERVER
[12:39:44] [main/INFO]: Environment: Environment[sessionHost=https://sessionserver.mojang.com, servicesHost=https://api.minecraftservices.com, name=PROD]
[12:39:45] [main/INFO]: No existing world data, creating new world
[12:39:45] [main/INFO]: Loaded 1290 recipes
[12:39:46] [main/INFO]: Loaded 1399 advancements
[12:39:46] [Server thread/INFO]: Starting minecraft server version 1.21.1
[12:39:46] [Server thread/INFO]: Loading properties
[12:39:46] [Server thread/INFO]: Default game type: SURVIVAL
[12:39:46] [Server thread/INFO]: Generating keypair
[12:39:46] [Server thread/INFO]: Starting Minecraft server on *:25565
[12:39:46] [Server thread/INFO]: Using epoll channel type
[12:39:46] [Server thread/WARN]: **** SERVER IS RUNNING IN OFFLINE/INSECURE MODE!
[12:39:46] [Server thread/WARN]: The server will make no attempt to authenticate usernames. Beware.
[12:39:46] [Server thread/WARN]: While this makes the game possible to play without internet access, it also opens up the ability for hackers to connect with any username they choose.
[12:39:46] [Server thread/WARN]: To change this, set "online-mode" to "true" in the server.properties file.
[12:39:46] [Server thread/INFO]: Preparing level "world"
[12:39:54] [Server thread/INFO]: Preparing start region for dimension minecraft:overworld
[12:39:54] [Worker-Main-2/INFO]: Preparing spawn area: 2%
[12:39:54] [Worker-Main-2/INFO]: Preparing spawn area: 2%
[12:39:55] [Worker-Main-3/INFO]: Preparing spawn area: 2%
[12:39:55] [Worker-Main-2/INFO]: Preparing spawn area: 2%
[12:39:56] [Worker-Main-1/INFO]: Preparing spawn area: 18%
[12:39:56] [Worker-Main-3/INFO]: Preparing spawn area: 18%
[12:39:57] [Worker-Main-3/INFO]: Preparing spawn area: 18%
[12:39:57] [Worker-Main-3/INFO]: Preparing spawn area: 24%
[12:39:58] [Worker-Main-3/INFO]: Preparing spawn area: 51%
[12:39:58] [Worker-Main-1/INFO]: Preparing spawn area: 51%
[12:39:59] [Worker-Main-2/INFO]: Preparing spawn area: 51%
[12:39:59] [Server thread/INFO]: Time elapsed: 5382 ms
[12:39:59] [Server thread/INFO]: Done (12.420s)! For help, type "help"
[12:39:59] [Server thread/INFO]: Unknown or incomplete command, see below for error
[12:39:59] [Server thread/INFO]: home/codespace/.python/current/bin/python3 "/workspaces/POKEMON/msx (1).py"<--[HERE]
[12:45:31] [Server thread/INFO]: Mikulasochan998[/127.169.102.144:40651] logged in with entity id 5 at (-9.5, 87.0, 3.5)
[12:45:31] [Server thread/INFO]: Mikulasochan998 joined the game
[12:45:50] [Server thread/INFO]: Mikulasochan998 lost connection: Disconnected
[12:45:50] [Server thread/INFO]: Mikulasochan998 left the game
[12:48:04] [Server thread/INFO]: Stopping the server
[12:48:04] [Server thread/INFO]: Stopping server
[12:48:04] [Server thread/INFO]: Saving players
[12:48:04] [Server thread/INFO]: Saving worlds
[12:48:04] [Server thread/INFO]: Saving chunks for level 'ServerLevel[world]'/minecraft:overworld
[12:48:05] [Server thread/INFO]: Saving chunks for level 'ServerLevel[world]'/minecraft:the_nether
[12:48:05] [Server thread/INFO]: Saving chunks for level 'ServerLevel[world]'/minecraft:the_end
[12:48:05] [Server thread/INFO]: ThreadedAnvilChunkStorage (world): All chunks are saved
[12:48:05] [Server thread/INFO]: ThreadedAnvilChunkStorage (DIM-1): All chunks are saved
[12:48:05] [Server thread/INFO]: ThreadedAnvilChunkStorage (DIM1): All chunks are saved
[12:48:05] [Server thread/INFO]: ThreadedAnvilChunkStorage: All dimensions are saved
